<?xml version="1.0" encoding="UTF-8"?>
<testng-results ignored="0" total="2" passed="2" failed="0" skipped="0">
  <reporter-output>
    <line>
      <![CDATA[Search Box is displayed.]]>
    </line>
    <line>
      <![CDATA[Search Box is displayed.]]>
    </line>
  </reporter-output>
  <suite started-at="2020-11-28T02:18:05 IST" name="Suite" finished-at="2020-11-28T02:18:27 IST" duration-ms="21420">
    <groups>
    </groups>
    <test started-at="2020-11-28T02:18:05 IST" name="Chrome Execution" finished-at="2020-11-28T02:18:17 IST" duration-ms="11223">
      <class name="com.selenium.basecode.BaseCode">
        <test-method is-config="true" signature="browser(java.lang.String)[pri:0, instance:com.selenium.basecode.BaseCode@421e361]" started-at="2020-11-28T02:18:05 IST" name="browser" finished-at="2020-11-28T02:18:10 IST" duration-ms="4153" status="PASS">
          <params>
            <param index="0">
              <value>
                <![CDATA[Chrome]]>
              </value>
            </param>
          </params>
          <reporter-output>
          </reporter-output>
        </test-method> <!-- browser -->
        <test-method signature="executeTest()[pri:0, instance:com.selenium.basecode.BaseCode@421e361]" started-at="2020-11-28T02:18:10 IST" name="executeTest" finished-at="2020-11-28T02:18:16 IST" duration-ms="6362" status="PASS">
          <reporter-output>
            <line>
              <![CDATA[Search Box is displayed.]]>
            </line>
          </reporter-output>
        </test-method> <!-- executeTest -->
        <test-method is-config="true" signature="browserclose()[pri:0, instance:com.selenium.basecode.BaseCode@421e361]" started-at="2020-11-28T02:18:16 IST" name="browserclose" finished-at="2020-11-28T02:18:17 IST" duration-ms="655" status="PASS">
          <reporter-output>
          </reporter-output>
        </test-method> <!-- browserclose -->
      </class> <!-- com.selenium.basecode.BaseCode -->
    </test> <!-- Chrome Execution -->
    <test started-at="2020-11-28T02:18:17 IST" name="Firefox Execution" finished-at="2020-11-28T02:18:27 IST" duration-ms="10136">
      <class name="com.selenium.basecode.BaseCode">
        <test-method is-config="true" signature="browser(java.lang.String)[pri:0, instance:com.selenium.basecode.BaseCode@5c669da8]" started-at="2020-11-28T02:18:17 IST" name="browser" finished-at="2020-11-28T02:18:22 IST" duration-ms="4872" status="PASS">
          <params>
            <param index="0">
              <value>
                <![CDATA[Firefox]]>
              </value>
            </param>
          </params>
          <reporter-output>
          </reporter-output>
        </test-method> <!-- browser -->
        <test-method signature="executeTest()[pri:0, instance:com.selenium.basecode.BaseCode@5c669da8]" started-at="2020-11-28T02:18:22 IST" name="executeTest" finished-at="2020-11-28T02:18:25 IST" duration-ms="3796" status="PASS">
          <reporter-output>
            <line>
              <![CDATA[Search Box is displayed.]]>
            </line>
          </reporter-output>
        </test-method> <!-- executeTest -->
        <test-method is-config="true" signature="browserclose()[pri:0, instance:com.selenium.basecode.BaseCode@5c669da8]" started-at="2020-11-28T02:18:25 IST" name="browserclose" finished-at="2020-11-28T02:18:27 IST" duration-ms="1463" status="PASS">
          <reporter-output>
          </reporter-output>
        </test-method> <!-- browserclose -->
      </class> <!-- com.selenium.basecode.BaseCode -->
    </test> <!-- Firefox Execution -->
  </suite> <!-- Suite -->
</testng-results>
