<?xml version="1.0" encoding="UTF-8"?>
<!-- Generated by org.testng.reporters.JUnitXMLReporter -->
<testsuite ignored="2" hostname="LAPTOP-GKM7GU9C" failures="1" tests="2" name="Parallel Execution" time="10.78" errors="0" timestamp="2020-09-26T14:01:27 IST">
  <testcase classname="com.selenium.basecode.ParallelTestChrome" name="executeTest" time="4.545"/>
  <testcase classname="com.selenium.basecode.ParallelTestFirefox" name="executeTest" time="0.004">
    <failure type="java.lang.NullPointerException" message="Cannot invoke &amp;quot;org.openqa.selenium.WebDriver.get(String)&amp;quot; because &amp;quot;this.driver&amp;quot; is null">
      <![CDATA[java.lang.NullPointerException: Cannot invoke "org.openqa.selenium.WebDriver.get(String)" because "this.driver" is null
at com.selenium.basecode.ParallelTestFirefox.executeTest(ParallelTestFirefox.java:12)
at java.base/java.util.ArrayList.forEach(ArrayList.java:1511)
at java.base/java.util.concurrent.FutureTask.run(FutureTask.java:264)
at java.base/java.util.concurrent.ThreadPoolExecutor.runWorker(ThreadPoolExecutor.java:1130)
at java.base/java.util.concurrent.ThreadPoolExecutor$Worker.run(ThreadPoolExecutor.java:630)
at java.base/java.lang.Thread.run(Thread.java:832)
... Removed 18 stack frames]]>
    </failure>
  </testcase> <!-- executeTest -->
  <testcase classname="com.selenium.multiplebrowser.MultipleBrowser" name="@AfterTest browserclose" time="0.0">
    <ignored/>
  </testcase> <!-- @AfterTest browserclose -->
  <testcase classname="com.selenium.multiplebrowser.MultipleBrowser" name="@BeforeTest browser" time="0.0">
    <ignored/>
  </testcase> <!-- @BeforeTest browser -->
</testsuite> <!-- Parallel Execution -->
